#
# There is insufficient memory for the Java Runtime Environment to continue.
# Native memory allocation (mmap) failed to map 268435456 bytes for Failed to commit area from 0x0000000701200000 to 0x0000000711200000 of length 268435456.
# Possible reasons:
#   The system is out of physical RAM or swap space
#   The process is running with CompressedOops enabled, and the Java Heap may be blocking the growth of the native heap
# Possible solutions:
#   Reduce memory load on the system
#   Increase physical memory or swap space
#   Check if swap backing store is full
#   Decrease Java heap size (-Xmx/-Xms)
#   Decrease number of Java threads
#   Decrease Java thread stack sizes (-Xss)
#   Set larger code cache with -XX:ReservedCodeCacheSize=
# This output file may be truncated or incomplete.
#
#  Out of Memory Error (./src/hotspot/os/windows/os_windows.cpp:3521), pid=11700, tid=24056
#
# JRE version:  (11.0.12+7) (build )
# Java VM: OpenJDK 64-Bit Server VM (11.0.12+7-b1504.28, mixed mode, sharing, tiered, compressed oops, g1 gc, windows-amd64)
# No core dump will be written. Minidumps are not enabled by default on client versions of Windows
#

---------------  S U M M A R Y ------------

Command Line: git4idea.http.GitAskPassApp Username for 'https://github.com': 

Host: Intel(R) Core(TM) i7-8700K CPU @ 3.70GHz, 12 cores, 15G,  Windows 10 , 64 bit Build 19041 (10.0.19041.1023)
Time: Thu Sep 23 00:01:45 2021 W. Europe Daylight Time elapsed time: 0.012739 seconds (0d 0h 0m 0s)

---------------  T H R E A D  ---------------

Current thread (0x000001ee45cf2800):  JavaThread "Unknown thread" [_thread_in_vm, id=24056, stack(0x000000465f000000,0x000000465f100000)]

Stack: [0x000000465f000000,0x000000465f100000]
Native frames: (J=compiled Java code, j=interpreted, Vv=VM code, C=native code)
V  [jvm.dll+0x5ff40a]
V  [jvm.dll+0x783b65]
V  [jvm.dll+0x78517d]
V  [jvm.dll+0x785833]
V  [jvm.dll+0x249408]
V  [jvm.dll+0x5fc7f4]
V  [jvm.dll+0x5f13c5]
V  [jvm.dll+0x3076bb]
V  [jvm.dll+0x30762a]
V  [jvm.dll+0x307502]
V  [jvm.dll+0x30c466]
V  [jvm.dll+0x355543]
V  [jvm.dll+0x355c46]
V  [jvm.dll+0x355643]
V  [jvm.dll+0x2e2018]
V  [jvm.dll+0x2e31c7]
V  [jvm.dll+0x761f57]
V  [jvm.dll+0x76374c]
V  [jvm.dll+0x362ab9]
V  [jvm.dll+0x7455be]
V  [jvm.dll+0x3cb673]
V  [jvm.dll+0x3cda21]
C  [jli.dll+0x536b]
C  [ucrtbase.dll+0x21bb2]
C  [KERNEL32.DLL+0x17034]
C  [ntdll.dll+0x52651]


---------------  P R O C E S S  ---------------

Threads class SMR info:
_java_thread_list=0x000001ee43a93020, length=0, elements={
}

Java Threads: ( => current thread )

Other Threads:
  0x000001ee43b6c800 GCTaskThread "GC Thread#0" [stack: 0x000000465f100000,0x000000465f200000] [id=14324]
  0x000001ee45d68000 ConcurrentGCThread "G1 Main Marker" [stack: 0x000000465f200000,0x000000465f300000] [id=2308]
  0x000001ee45d6a000 ConcurrentGCThread "G1 Conc#0" [stack: 0x000000465f300000,0x000000465f400000] [id=20708]

[error occurred during error reporting (printing all threads), id 0xc0000005, EXCEPTION_ACCESS_VIOLATION (0xc0000005) at pc=0x00007fff102d27a7]

VM state:not at safepoint (not fully initialized)

VM Mutex/Monitor currently owned by a thread:  ([mutex/lock_event])
[0x000001ee45cf0830] Heap_lock - owner thread: 0x000001ee45cf2800

Heap address: 0x0000000701200000, size: 4078 MB, Compressed Oops mode: Non-zero based: 0x0000000701200000
Narrow klass base: 0x0000000000000000, Narrow klass shift: 0

GC Heap History (0 events):
No events

Deoptimization events (0 events):
No events

Classes redefined (0 events):
No events

Internal exceptions (0 events):
No events

Events (1 events):
Event: 0.008 Loaded shared library C:\Program Files\JetBrains\IntelliJ IDEA Community Edition 2021.2.2\jbr\bin\zip.dll


Dynamic libraries:
0x00007ff703290000 - 0x00007ff70329a000 	C:\Program Files\JetBrains\IntelliJ IDEA Community Edition 2021.2.2\jbr\bin\java.exe
0x00007fff57370000 - 0x00007fff57565000 	C:\WINDOWS\SYSTEM32\ntdll.dll
0x00007fff56b30000 - 0x00007fff56bed000 	C:\WINDOWS\System32\KERNEL32.DLL
0x00007fff54bd0000 - 0x00007fff54e99000 	C:\WINDOWS\System32\KERNELBASE.dll
0x00007fff552e0000 - 0x00007fff553e0000 	C:\WINDOWS\System32\ucrtbase.dll
0x00007fff2cde0000 - 0x00007fff2cdf7000 	C:\Program Files\JetBrains\IntelliJ IDEA Community Edition 2021.2.2\jbr\bin\VCRUNTIME140.dll
0x00007fff2e170000 - 0x00007fff2e189000 	C:\Program Files\JetBrains\IntelliJ IDEA Community Edition 2021.2.2\jbr\bin\jli.dll
0x00007fff566e0000 - 0x00007fff56880000 	C:\WINDOWS\System32\USER32.dll
0x00007fff55210000 - 0x00007fff55232000 	C:\WINDOWS\System32\win32u.dll
0x00007fff3b1d0000 - 0x00007fff3b46a000 	C:\WINDOWS\WinSxS\amd64_microsoft.windows.common-controls_6595b64144ccf1df_6.0.19041.1110_none_60b5254171f9507e\COMCTL32.dll
0x00007fff558c0000 - 0x00007fff558ea000 	C:\WINDOWS\System32\GDI32.dll
0x00007fff57290000 - 0x00007fff5732e000 	C:\WINDOWS\System32\msvcrt.dll
0x00007fff55100000 - 0x00007fff5520b000 	C:\WINDOWS\System32\gdi32full.dll
0x00007fff55240000 - 0x00007fff552dd000 	C:\WINDOWS\System32\msvcp_win.dll
0x00007fff571e0000 - 0x00007fff57210000 	C:\WINDOWS\System32\IMM32.DLL
0x00007fff1ef20000 - 0x00007fff1efbd000 	C:\Program Files\JetBrains\IntelliJ IDEA Community Edition 2021.2.2\jbr\bin\msvcp140.dll
0x00007fff0ffe0000 - 0x00007fff10b38000 	C:\Program Files\JetBrains\IntelliJ IDEA Community Edition 2021.2.2\jbr\bin\server\jvm.dll
0x00007fff56880000 - 0x00007fff5692c000 	C:\WINDOWS\System32\ADVAPI32.dll
0x00007fff569c0000 - 0x00007fff56a5b000 	C:\WINDOWS\System32\sechost.dll
0x00007fff565b0000 - 0x00007fff566da000 	C:\WINDOWS\System32\RPCRT4.dll
0x00007fff57210000 - 0x00007fff57218000 	C:\WINDOWS\System32\PSAPI.DLL
0x00007fff46900000 - 0x00007fff46909000 	C:\WINDOWS\SYSTEM32\WSOCK32.dll
0x00007fff4a470000 - 0x00007fff4a497000 	C:\WINDOWS\SYSTEM32\WINMM.dll
0x00007fff50910000 - 0x00007fff5091a000 	C:\WINDOWS\SYSTEM32\VERSION.dll
0x00007fff57220000 - 0x00007fff5728b000 	C:\WINDOWS\System32\WS2_32.dll
0x00007fff52a00000 - 0x00007fff52a12000 	C:\WINDOWS\SYSTEM32\kernel.appcore.dll
0x00007fff4e6a0000 - 0x00007fff4e6b1000 	C:\Program Files\JetBrains\IntelliJ IDEA Community Edition 2021.2.2\jbr\bin\verify.dll
0x00007fff4f530000 - 0x00007fff4f714000 	C:\WINDOWS\SYSTEM32\DBGHELP.DLL
0x00007fff4f4c0000 - 0x00007fff4f4ec000 	C:\WINDOWS\SYSTEM32\dbgcore.DLL
0x00007fff54ae0000 - 0x00007fff54b63000 	C:\WINDOWS\System32\bcryptPrimitives.dll
0x00007fff45880000 - 0x00007fff458a9000 	C:\Program Files\JetBrains\IntelliJ IDEA Community Edition 2021.2.2\jbr\bin\java.dll
0x00007fff4fd80000 - 0x00007fff4fd8b000 	C:\Program Files\JetBrains\IntelliJ IDEA Community Edition 2021.2.2\jbr\bin\jimage.dll
0x00007fff4ae40000 - 0x00007fff4ae58000 	C:\Program Files\JetBrains\IntelliJ IDEA Community Edition 2021.2.2\jbr\bin\zip.dll

dbghelp: loaded successfully - version: 4.0.5 - missing functions: none
symbol engine: initialized successfully - sym options: 0x614 - pdb path: .;C:\Program Files\JetBrains\IntelliJ IDEA Community Edition 2021.2.2\jbr\bin;C:\WINDOWS\SYSTEM32;C:\WINDOWS\WinSxS\amd64_microsoft.windows.common-controls_6595b64144ccf1df_6.0.19041.1110_none_60b5254171f9507e;C:\Program Files\JetBrains\IntelliJ IDEA Community Edition 2021.2.2\jbr\bin\server

VM Arguments:
java_command: git4idea.http.GitAskPassApp Username for 'https://github.com': 
java_class_path (initial): C:/Program Files/JetBrains/IntelliJ IDEA Community Edition 2021.2.2/plugins/git4idea/lib/git4idea-rt.jar;C:/Program Files/JetBrains/IntelliJ IDEA Community Edition 2021.2.2/lib/3rd-party.jar
Launcher Type: SUN_STANDARD

[Global flags]
     intx CICompilerCount                          = 4                                         {product} {ergonomic}
     uint ConcGCThreads                            = 3                                         {product} {ergonomic}
     uint G1ConcRefinementThreads                  = 10                                        {product} {ergonomic}
   size_t G1HeapRegionSize                         = 1048576                                   {product} {ergonomic}
    uintx GCDrainStackTargetSize                   = 64                                        {product} {ergonomic}
   size_t InitialHeapSize                          = 268435456                                 {product} {ergonomic}
   size_t MarkStackSize                            = 4194304                                   {product} {ergonomic}
   size_t MaxHeapSize                              = 4276092928                                {product} {ergonomic}
   size_t MinHeapDeltaBytes                        = 1048576                                   {product} {ergonomic}
    uintx NonNMethodCodeHeapSize                   = 5836300                                {pd product} {ergonomic}
    uintx NonProfiledCodeHeapSize                  = 122910970                              {pd product} {ergonomic}
    uintx ProfiledCodeHeapSize                     = 122910970                              {pd product} {ergonomic}
    uintx ReservedCodeCacheSize                    = 251658240                              {pd product} {ergonomic}
     bool SegmentedCodeCache                       = true                                      {product} {ergonomic}
     bool UseCompressedClassPointers               = true                                 {lp64_product} {ergonomic}
     bool UseCompressedOops                        = true                                 {lp64_product} {ergonomic}
     bool UseG1GC                                  = true                                      {product} {ergonomic}
     bool UseLargePagesIndividualAllocation        = false                                  {pd product} {ergonomic}

Logging:
Log output configuration:
 #0: stdout all=warning uptime,level,tags
 #1: stderr all=off uptime,level,tags

Environment Variables:
PATH=C:\Program Files\Git\mingw64\libexec\git-core;C:\Program Files\Git\mingw64\libexec\git-core;C:\Program Files\Git\mingw64\bin;C:\Program Files\Git\usr\bin;C:\Users\Big D\bin;C:\Program Files (x86)\VMware\VMware Player\bin;C:\Python39\Scripts;C:\Python39;C:\Program Files (x86)\Intel\iCLS Client;C:\Program Files\Intel\iCLS Client;C:\Windows\system32;C:\Windows;C:\Windows\System32\Wbem;C:\Windows\System32\WindowsPowerShell\v1.0;C:\Windows\System32\OpenSSH;C:\Program Files (x86)\Intel\Intel(R) Management Engine Components\DAL;C:\Program Files\Intel\Intel(R) Management Engine Components\DAL;C:\Program Files (x86)\Intel\Intel(R) Management Engine Components\IPT;C:\Program Files\Intel\Intel(R) Management Engine Components\IPT;C:\Program Files\NVIDIA Corporation\NVIDIA NvDLISR;C:\Program Files (x86)\NVIDIA Corporation\PhysX\Common;C:\Program Files (x86)\GnuPG\bin;C:\Program Files\Git\cmd;C:\Program Files\nodejs;C:\ProgramData\chocolatey\bin;C:\Program Files\RedHat\java-1.8.0-openjdk-1.8.0.292-2\bin;C:\Program Files\RedHat\java-1.8.0-openjdk-1.8.0.292-2\jre\bin;C:\WINDOWS\system32;C:\WINDOWS;C:\WINDOWS\System32\Wbem;C:\WINDOWS\System32\WindowsPowerShell\v1.0;C:\WINDOWS\System32\OpenSSH;C:\Program Files\MySQL\MySQL Shell 8.0\bin;C:\Users\Big D\AppData\Local\Microsoft\WindowsApps;C:\Program Files (x86)\Nmap;C:\Users\Big D\AppData\Local\Programs\Microsoft VS Code\bin;C:\Users\Big D\AppData\Local\gitkraken\bin;C:\Users\Big D\AppData\Roaming\npm;C:\Users\Big D\AppData\Local\Microsoft\WindowsApps
USERNAME=Big D
DISPLAY=:0.0
LC_ALL=en_US.UTF-8
OS=Windows_NT
PROCESSOR_IDENTIFIER=Intel64 Family 6 Model 158 Stepping 10, GenuineIntel



---------------  S Y S T E M  ---------------

OS: Windows 10 , 64 bit Build 19041 (10.0.19041.1023)
OS uptime: 52 days 1:11 hours

CPU:total 12 (initial active 12) (6 cores per cpu, 2 threads per core) family 6 model 158 stepping 10 microcode 0xb4, cmov, cx8, fxsr, mmx, sse, sse2, sse3, ssse3, sse4.1, sse4.2, popcnt, avx, avx2, aes, clmul, erms, rtm, 3dnowpref, lzcnt, ht, tsc, tscinvbit, bmi1, bmi2, adx, fma

Memory: 4k page, system-wide physical 16308M (1754M free)
TotalPageFile size 65460M (AvailPageFile size 181M)
current process WorkingSet (physical memory assigned to process): 10M, peak: 10M
current process commit charge ("private bytes"): 64M, peak: 320M

vm_info: OpenJDK 64-Bit Server VM (11.0.12+7-b1504.28) for windows-amd64 JRE (11.0.12+7-b1504.28), built on Sep  3 2021 08:39:15 by "" with MS VC++ 14.0 (VS2015)

END.
