#
# There is insufficient memory for the Java Runtime Environment to continue.
# Native memory allocation (mmap) failed to map 268435456 bytes for G1 virtual space
# Possible reasons:
#   The system is out of physical RAM or swap space
#   The process is running with CompressedOops enabled, and the Java Heap may be blocking the growth of the native heap
# Possible solutions:
#   Reduce memory load on the system
#   Increase physical memory or swap space
#   Check if swap backing store is full
#   Decrease Java heap size (-Xmx/-Xms)
#   Decrease number of Java threads
#   Decrease Java thread stack sizes (-Xss)
#   Set larger code cache with -XX:ReservedCodeCacheSize=
#   JVM is running with Zero Based Compressed Oops mode in which the Java heap is
#     placed in the first 32GB address space. The Java Heap base address is the
#     maximum limit for the native heap growth. Please use -XX:HeapBaseMinAddress
#     to set the Java Heap base and to place the Java Heap above 32GB virtual address.
# This output file may be truncated or incomplete.
#
#  Out of Memory Error (os_windows.cpp:3466), pid=29044, tid=18220
#
# JRE version:  (16.0.2+7) (build )
# Java VM: OpenJDK 64-Bit Server VM (16.0.2+7, mixed mode, sharing, tiered, compressed oops, compressed class ptrs, g1 gc, windows-amd64)
# No core dump will be written. Minidumps are not enabled by default on client versions of Windows
#

---------------  S U M M A R Y ------------

Command Line: -javaagent:C:\Program Files\JetBrains\IntelliJ IDEA Community Edition 2021.2.2\lib\idea_rt.jar=24425:C:\Program Files\JetBrains\IntelliJ IDEA Community Edition 2021.2.2\bin -Dfile.encoding=UTF-8 Main

Host: Intel(R) Core(TM) i7-8700K CPU @ 3.70GHz, 12 cores, 15G,  Windows 10 , 64 bit Build 19041 (10.0.19041.1023)
Time: Fri Sep 24 14:26:32 2021 W. Europe Daylight Time elapsed time: 0.019052 seconds (0d 0h 0m 0s)

---------------  T H R E A D  ---------------

Current thread (0x000001b6f8d508f0):  JavaThread "Unknown thread" [_thread_in_vm, id=18220, stack(0x000000630a000000,0x000000630a100000)]

Stack: [0x000000630a000000,0x000000630a100000]
Native frames: (J=compiled Java code, j=interpreted, Vv=VM code, C=native code)
V  [jvm.dll+0x647e0a]
V  [jvm.dll+0x7f0549]
V  [jvm.dll+0x7f1cfe]
V  [jvm.dll+0x7f2343]
V  [jvm.dll+0x23dd88]
V  [jvm.dll+0x644b4a]
V  [jvm.dll+0x639795]
V  [jvm.dll+0x2f66f9]
V  [jvm.dll+0x2fd516]
V  [jvm.dll+0x34999a]
V  [jvm.dll+0x349bdf]
V  [jvm.dll+0x2cc918]
V  [jvm.dll+0x2cdb49]
V  [jvm.dll+0x7c4431]
V  [jvm.dll+0x356ee1]
V  [jvm.dll+0x7a30b0]
V  [jvm.dll+0x3d4c55]
V  [jvm.dll+0x3d69f1]
C  [jli.dll+0x5243]
C  [ucrtbase.dll+0x21bb2]
C  [KERNEL32.DLL+0x17034]
C  [ntdll.dll+0x52651]


---------------  P R O C E S S  ---------------

Threads class SMR info:
_java_thread_list=0x00007fff0c5d73d8, length=0, elements={
}

Java Threads: ( => current thread )

Other Threads:
  0x000001b6f8da0150 GCTaskThread "GC Thread#0" [stack: 0x000000630a100000,0x000000630a200000] [id=22996]
  0x000001b6f8db1f80 ConcurrentGCThread "G1 Main Marker" [stack: 0x000000630a200000,0x000000630a300000] [id=28908]
  0x000001b6f8db2900 ConcurrentGCThread "G1 Conc#0" [stack: 0x000000630a300000,0x000000630a400000] [id=14112]

[error occurred during error reporting (printing all threads), id 0xc0000005, EXCEPTION_ACCESS_VIOLATION (0xc0000005) at pc=0x00007fff0bd4e207]

VM state: not at safepoint (not fully initialized)

VM Mutex/Monitor currently owned by a thread:  ([mutex/lock_event])
[0x000001b6f8d4ce60] Heap_lock - owner thread: 0x000001b6f8d508f0

Heap address: 0x0000000701200000, size: 4078 MB, Compressed Oops mode: Zero based, Oop shift amount: 3

CDS archive(s) mapped at: [0x0000000000000000-0x0000000000000000-0x0000000000000000), size 0, SharedBaseAddress: 0x0000000800000000, ArchiveRelocationMode: 0.
Narrow klass base: 0x0000000000000000, Narrow klass shift: 0, Narrow klass range: 0x0

GC Precious Log:
<Empty>

Heap:
 garbage-first heap   total 0K, used 0K [0x0000000701200000, 0x0000000800000000)
  region size 2048K, 0 young (0K), 0 survivors (0K)

[error occurred during error reporting (printing heap information), id 0xc0000005, EXCEPTION_ACCESS_VIOLATION (0xc0000005) at pc=0x00007fff0c10ff7d]

GC Heap History (0 events):
No events

Deoptimization events (0 events):
No events

Classes unloaded (0 events):
No events

Classes redefined (0 events):
No events

Internal exceptions (0 events):
No events

Events (1 events):
Event: 0.006 Loaded shared library C:\Users\Big D\.jdks\corretto-16.0.2\bin\java.dll


Dynamic libraries:
0x00007ff6c2100000 - 0x00007ff6c210d000 	C:\Users\Big D\.jdks\corretto-16.0.2\bin\java.exe
0x00007fff57370000 - 0x00007fff57565000 	C:\WINDOWS\SYSTEM32\ntdll.dll
0x00007fff56b30000 - 0x00007fff56bed000 	C:\WINDOWS\System32\KERNEL32.DLL
0x00007fff54bd0000 - 0x00007fff54e99000 	C:\WINDOWS\System32\KERNELBASE.dll
0x00007fff552e0000 - 0x00007fff553e0000 	C:\WINDOWS\System32\ucrtbase.dll
0x00007fff4c140000 - 0x00007fff4c158000 	C:\Users\Big D\.jdks\corretto-16.0.2\bin\jli.dll
0x00007fff4a090000 - 0x00007fff4a0a5000 	C:\Users\Big D\.jdks\corretto-16.0.2\bin\VCRUNTIME140.dll
0x00007fff566e0000 - 0x00007fff56880000 	C:\WINDOWS\System32\USER32.dll
0x00007fff55210000 - 0x00007fff55232000 	C:\WINDOWS\System32\win32u.dll
0x00007fff3b1d0000 - 0x00007fff3b46a000 	C:\WINDOWS\WinSxS\amd64_microsoft.windows.common-controls_6595b64144ccf1df_6.0.19041.1110_none_60b5254171f9507e\COMCTL32.dll
0x00007fff558c0000 - 0x00007fff558ea000 	C:\WINDOWS\System32\GDI32.dll
0x00007fff57290000 - 0x00007fff5732e000 	C:\WINDOWS\System32\msvcrt.dll
0x00007fff55100000 - 0x00007fff5520b000 	C:\WINDOWS\System32\gdi32full.dll
0x00007fff55240000 - 0x00007fff552dd000 	C:\WINDOWS\System32\msvcp_win.dll
0x00007fff571e0000 - 0x00007fff57210000 	C:\WINDOWS\System32\IMM32.DLL
0x00007fff35440000 - 0x00007fff354db000 	C:\Users\Big D\.jdks\corretto-16.0.2\bin\msvcp140.dll
0x00007fff0ba70000 - 0x00007fff0c679000 	C:\Users\Big D\.jdks\corretto-16.0.2\bin\server\jvm.dll
0x00007fff56880000 - 0x00007fff5692c000 	C:\WINDOWS\System32\ADVAPI32.dll
0x00007fff569c0000 - 0x00007fff56a5b000 	C:\WINDOWS\System32\sechost.dll
0x00007fff565b0000 - 0x00007fff566da000 	C:\WINDOWS\System32\RPCRT4.dll
0x00007fff57210000 - 0x00007fff57218000 	C:\WINDOWS\System32\PSAPI.DLL
0x00007fff4a470000 - 0x00007fff4a497000 	C:\WINDOWS\SYSTEM32\WINMM.dll
0x00007fff50910000 - 0x00007fff5091a000 	C:\WINDOWS\SYSTEM32\VERSION.dll
0x00007fff46900000 - 0x00007fff46909000 	C:\WINDOWS\SYSTEM32\WSOCK32.dll
0x00007fff57220000 - 0x00007fff5728b000 	C:\WINDOWS\System32\WS2_32.dll
0x00007fff52a00000 - 0x00007fff52a12000 	C:\WINDOWS\SYSTEM32\kernel.appcore.dll
0x00007fff4ea80000 - 0x00007fff4ea8a000 	C:\Users\Big D\.jdks\corretto-16.0.2\bin\jimage.dll
0x00007fff4f530000 - 0x00007fff4f714000 	C:\WINDOWS\SYSTEM32\DBGHELP.DLL
0x00007fff4f4c0000 - 0x00007fff4f4ec000 	C:\WINDOWS\SYSTEM32\dbgcore.DLL
0x00007fff54ae0000 - 0x00007fff54b63000 	C:\WINDOWS\System32\bcryptPrimitives.dll
0x00007fff4c130000 - 0x00007fff4c13e000 	C:\Users\Big D\.jdks\corretto-16.0.2\bin\instrument.dll
0x00007fff32f70000 - 0x00007fff32f95000 	C:\Users\Big D\.jdks\corretto-16.0.2\bin\java.dll

dbghelp: loaded successfully - version: 4.0.5 - missing functions: none
symbol engine: initialized successfully - sym options: 0x614 - pdb path: .;C:\Users\Big D\.jdks\corretto-16.0.2\bin;C:\WINDOWS\SYSTEM32;C:\WINDOWS\WinSxS\amd64_microsoft.windows.common-controls_6595b64144ccf1df_6.0.19041.1110_none_60b5254171f9507e;C:\Users\Big D\.jdks\corretto-16.0.2\bin\server

VM Arguments:
jvm_args: -javaagent:C:\Program Files\JetBrains\IntelliJ IDEA Community Edition 2021.2.2\lib\idea_rt.jar=24425:C:\Program Files\JetBrains\IntelliJ IDEA Community Edition 2021.2.2\bin -Dfile.encoding=UTF-8 
java_command: Main
java_class_path (initial): C:\Users\Big D\Desktop\bnb2\Clear_bnb2\Backend\target\classes;C:\Users\Big D\.m2\repository\com\fasterxml\jackson\datatype\jackson-datatype-jdk8\2.11.0\jackson-datatype-jdk8-2.11.0.jar;C:\Users\Big D\.m2\repository\com\fasterxml\jackson\core\jackson-core\2.11.0\jackson-core-2.11.0.jar;C:\Users\Big D\.m2\repository\com\fasterxml\jackson\core\jackson-databind\2.11.0\jackson-databind-2.11.0.jar;C:\Users\Big D\.m2\repository\com\fasterxml\jackson\core\jackson-annotations\2.11.0\jackson-annotations-2.11.0.jar;C:\Users\Big D\.m2\repository\org\hibernate\hibernate-core\5.4.31.Final\hibernate-core-5.4.31.Final.jar;C:\Users\Big D\.m2\repository\org\jboss\logging\jboss-logging\3.4.1.Final\jboss-logging-3.4.1.Final.jar;C:\Users\Big D\.m2\repository\javax\persistence\javax.persistence-api\2.2\javax.persistence-api-2.2.jar;C:\Users\Big D\.m2\repository\org\javassist\javassist\3.27.0-GA\javassist-3.27.0-GA.jar;C:\Users\Big D\.m2\repository\net\bytebuddy\byte-buddy\1.10.21\byte-buddy-1.10.21.jar;C:\Users\Big D\.m2\repository\antlr\antlr\2.7.7\antlr-2.7.7.jar;C:\Users\Big D\.m2\repository\org\jboss\spec\javax\transaction\jboss-transaction-api_1.2_spec\1.1.1.Final\jboss-transaction-api_1.2_spec-1.1.1.Final.jar;C:\Users\Big D\.m2\repository\org\jboss\jandex\2.2.3.Final\jandex-2.2.3.Final.jar;C:\Users\Big D\.m2\repository\com\fasterxml\classmate\1.5.1\classmate-1.5.1.jar;C:\Users\Big D\.m2\repository\javax\activation\javax.activation-api\1.2.0\javax.activation-api-1.2.0.jar;C:\Users\Big D\.m2\repository\org\dom4j\dom4j\2.1.3\dom4j-2.1.3.jar;C:\Users\Big D\.m2\repository\org\hibernate\common\hibernate-commons-annotations\5.1.2.Final\hibernate-commons-annotations-5.1.2.Final.jar;C:\Users\Big D\.m2\repository\javax\xml\bind\jaxb-api\2.3.1\jaxb-api-2.3.1.jar;C:\Users\Big D\.m2\repository\org\glassfish\jaxb\jaxb-runtime\2.3.1\jaxb-runtime-2.3.1.jar;C:\Users\Big D\.m2\repository\org\glassfish\jaxb\txw2\2.3.1\txw2-2.3.1.jar;C:\Users\Big D\.m2\repository\com\sun\i
Launcher Type: SUN_STANDARD

[Global flags]
     intx CICompilerCount                          = 4                                         {product} {ergonomic}
     uint ConcGCThreads                            = 3                                         {product} {ergonomic}
     uint G1ConcRefinementThreads                  = 10                                        {product} {ergonomic}
   size_t G1HeapRegionSize                         = 2097152                                   {product} {ergonomic}
    uintx GCDrainStackTargetSize                   = 64                                        {product} {ergonomic}
   size_t InitialHeapSize                          = 268435456                                 {product} {ergonomic}
   size_t MarkStackSize                            = 4194304                                   {product} {ergonomic}
   size_t MaxHeapSize                              = 4276092928                                {product} {ergonomic}
   size_t MinHeapDeltaBytes                        = 2097152                                   {product} {ergonomic}
   size_t MinHeapSize                              = 8388608                                   {product} {ergonomic}
    uintx NonNMethodCodeHeapSize                   = 5839372                                {pd product} {ergonomic}
    uintx NonProfiledCodeHeapSize                  = 122909434                              {pd product} {ergonomic}
    uintx ProfiledCodeHeapSize                     = 122909434                              {pd product} {ergonomic}
    uintx ReservedCodeCacheSize                    = 251658240                              {pd product} {ergonomic}
     bool SegmentedCodeCache                       = true                                      {product} {ergonomic}
   size_t SoftMaxHeapSize                          = 4276092928                             {manageable} {ergonomic}
     bool UseCompressedClassPointers               = true                           {product lp64_product} {ergonomic}
     bool UseCompressedOops                        = true                           {product lp64_product} {ergonomic}
     bool UseG1GC                                  = true                                      {product} {ergonomic}
     bool UseLargePagesIndividualAllocation        = false                                  {pd product} {ergonomic}

Logging:
Log output configuration:
 #0: stdout all=warning uptime,level,tags
 #1: stderr all=off uptime,level,tags

Environment Variables:
PATH=C:\Program Files (x86)\VMware\VMware Player\bin\;C:\Python39\Scripts\;C:\Python39\;C:\Program Files (x86)\Intel\iCLS Client\;C:\Program Files\Intel\iCLS Client\;C:\Windows\system32;C:\Windows;C:\Windows\System32\Wbem;C:\Windows\System32\WindowsPowerShell\v1.0\;C:\Windows\System32\OpenSSH\;C:\Program Files (x86)\Intel\Intel(R) Management Engine Components\DAL;C:\Program Files\Intel\Intel(R) Management Engine Components\DAL;C:\Program Files (x86)\Intel\Intel(R) Management Engine Components\IPT;C:\Program Files\Intel\Intel(R) Management Engine Components\IPT;C:\Program Files\NVIDIA Corporation\NVIDIA NvDLISR;C:\Program Files (x86)\NVIDIA Corporation\PhysX\Common;C:\Program Files (x86)\Gpg4win\..\GnuPG\bin;C:\Program Files\Git\cmd;C:\Program Files\nodejs\;C:\ProgramData\chocolatey\bin;C:\Program Files\RedHat\java-1.8.0-openjdk-1.8.0.292-2\bin;C:\Program Files\RedHat\java-1.8.0-openjdk-1.8.0.292-2\jre\bin;C:\WINDOWS\system32;C:\WINDOWS;C:\WINDOWS\System32\Wbem;C:\WINDOWS\System32\WindowsPowerShell\v1.0\;C:\WINDOWS\System32\OpenSSH\;C:\Program Files\MySQL\MySQL Shell 8.0\bin\;C:\Users\Big D\AppData\Local\Microsoft\WindowsApps;C:\Program Files (x86)\Nmap;C:\Users\Big D\AppData\Local\Programs\Microsoft VS Code\bin;C:\Users\Big D\AppData\Local\gitkraken\bin;C:\Users\Big D\AppData\Roaming\npm;C:\Users\Big D\AppData\Local\Microsoft\WindowsApps;
USERNAME=Big D
OS=Windows_NT
PROCESSOR_IDENTIFIER=Intel64 Family 6 Model 158 Stepping 10, GenuineIntel



---------------  S Y S T E M  ---------------

OS:
 Windows 10 , 64 bit Build 19041 (10.0.19041.1023)
OS uptime: 53 days 15:36 hours

CPU: total 12 (initial active 12) (6 cores per cpu, 2 threads per core) family 6 model 158 stepping 10 microcode 0xb4, cx8, cmov, fxsr, ht, mmx, 3dnowpref, sse, sse2, sse3, ssse3, sse4.1, sse4.2, popcnt, lzcnt, tsc, tscinvbit, avx, avx2, aes, erms, clmul, bmi1, bmi2, rtm, adx, fma, vzeroupper, clflush, clflushopt

Memory: 4k page, system-wide physical 16308M (3160M free)
TotalPageFile size 65460M (AvailPageFile size 232M)
current process WorkingSet (physical memory assigned to process): 10M, peak: 10M
current process commit charge ("private bytes"): 64M, peak: 320M

vm_info: OpenJDK 64-Bit Server VM (16.0.2+7) for windows-amd64 JRE (16.0.2+7), built on Jul 22 2021 01:11:46 by "Administrator" with MS VC++ 15.9 (VS2017)

END.
